12/19/2024 6:55:01 AM [ + ] Root Files Existing Test
12/19/2024 6:55:01 AM [ - ] Root Files Remaking Test
12/19/2024 6:55:01 AM [ > ] Application Called
12/19/2024 6:55:01 AM [ > ] Application Started
12/19/2024 6:55:01 AM [ > ] Application Service Running
12/19/2024 6:55:01 AM [ > ] Application Service Running
12/19/2024 6:55:01 AM [ > ] Application Closed
12/19/2024 6:55:15 AM [ + ] Root Files Existing Test
12/19/2024 6:55:15 AM [ - ] Root Files Remaking Test
12/19/2024 6:55:15 AM [ > ] Application Called
12/19/2024 6:55:15 AM [ > ] Application Started
12/19/2024 6:55:15 AM [ > ] Application Service Running
12/19/2024 6:55:15 AM [ > ] Application Service Running
12/19/2024 6:55:15 AM [ > ] Application Closed
12/19/2024 6:57:29 AM [ + ] Root Files Existing Test
12/19/2024 6:57:29 AM [ - ] Root Files Remaking Test
12/19/2024 6:57:29 AM [ > ] Application Called
12/19/2024 6:57:29 AM [ > ] Application Started
12/19/2024 6:57:29 AM [ > ] Application Service Running
12/19/2024 6:57:29 AM [ > ] Application Service Running
12/19/2024 6:57:29 AM [ > ] Application Closed
12/19/2024 6:59:03 AM [ + ] Root Files Existing Test
12/19/2024 6:59:03 AM [ - ] Root Files Remaking Test
12/19/2024 6:59:02 AM [ > ] Application Called
12/19/2024 6:59:03 AM [ > ] Application Started
12/19/2024 6:59:03 AM [ > ] Application Service Running
12/19/2024 6:59:03 AM [ > ] Application Service Running
12/19/2024 7:17:28 AM [ + ] Root Files Existing Test
12/19/2024 7:17:28 AM [ - ] Root Files Remaking Test
12/19/2024 7:17:28 AM [ > ] Application Called
12/19/2024 7:17:28 AM [ > ] Application Started
12/19/2024 7:17:28 AM [ > ] Application Service Running
12/19/2024 7:17:28 AM [ > ] Application Service Running
12/19/2024 7:18:57 AM [ + ] Root Files Existing Test
12/19/2024 7:18:57 AM [ - ] Root Files Remaking Test
12/19/2024 7:18:57 AM [ > ] Application Called
12/19/2024 7:18:57 AM [ > ] Application Started
12/19/2024 7:18:57 AM [ > ] Application Service Running
12/19/2024 7:18:57 AM [ > ] Application Service Running
12/19/2024 7:18:57 AM [ > ] Application Closed
12/19/2024 7:19:32 AM [ + ] Root Files Existing Test
12/19/2024 7:19:32 AM [ - ] Root Files Remaking Test
12/19/2024 7:19:32 AM [ > ] Application Called
12/19/2024 7:19:32 AM [ > ] Application Started
12/19/2024 7:19:32 AM [ > ] Application Service Running
12/19/2024 7:19:32 AM [ > ] Application Service Running
12/19/2024 7:21:09 AM [ + ] Root Files Existing Test
12/19/2024 7:21:09 AM [ - ] Root Files Remaking Test
12/19/2024 7:21:08 AM [ > ] Application Called
12/19/2024 7:21:08 AM [ > ] Application Started
12/19/2024 7:21:08 AM [ > ] Application Service Running
12/19/2024 7:21:08 AM [ > ] Application Service Running
12/19/2024 7:22:14 AM [ + ] Root Files Existing Test
12/19/2024 7:22:14 AM [ - ] Root Files Remaking Test
12/19/2024 7:22:14 AM [ > ] Application Called
12/19/2024 7:22:14 AM [ > ] Application Started
12/19/2024 7:22:14 AM [ > ] Application Service Running
12/19/2024 7:22:14 AM [ > ] Application Service Running
12/19/2024 7:22:14 AM [ > ] Application Closed
12/19/2024 7:24:48 AM [ + ] Root Files Existing Test
12/19/2024 7:24:48 AM [ - ] Root Files Remaking Test
12/19/2024 7:24:47 AM [ > ] Application Called
12/19/2024 7:24:47 AM [ > ] Application Started
12/19/2024 7:24:47 AM [ > ] Application Service Running
12/19/2024 7:24:47 AM [ > ] Application Service Running
12/19/2024 7:24:47 AM [ > ] Application Closed
12/19/2024 7:42:10 AM [ + ] Root Files Existing Test
12/19/2024 7:42:10 AM [ - ] Root Files Remaking Test
12/19/2024 7:42:09 AM [ > ] Application Called
12/19/2024 7:42:09 AM [ > ] Application Started
12/19/2024 7:42:09 AM [ > ] Application Service Running
12/19/2024 7:42:09 AM [ > ] Application Service Running
12/19/2024 7:42:58 AM [ + ] Root Files Existing Test
12/19/2024 7:42:58 AM [ - ] Root Files Remaking Test
12/19/2024 7:42:57 AM [ > ] Application Called
12/19/2024 7:42:57 AM [ > ] Application Started
12/19/2024 7:42:57 AM [ > ] Application Service Running
12/19/2024 7:42:57 AM [ > ] Application Service Running
12/19/2024 7:43:39 AM [ + ] Root Files Existing Test
12/19/2024 7:43:39 AM [ - ] Root Files Remaking Test
12/19/2024 7:43:39 AM [ > ] Application Called
12/19/2024 7:43:39 AM [ > ] Application Started
12/19/2024 7:43:39 AM [ > ] Application Service Running
12/19/2024 7:43:39 AM [ > ] Application Service Running
12/19/2024 7:47:08 AM [ + ] Root Files Existing Test
12/19/2024 7:47:08 AM [ - ] Root Files Remaking Test
12/19/2024 7:47:08 AM [ > ] Application Called
12/19/2024 7:47:08 AM [ > ] Application Started
12/19/2024 7:47:08 AM [ > ] Application Service Running
12/19/2024 7:47:08 AM [ > ] Application Service Running
12/19/2024 7:47:08 AM [ > ] Application Closed
12/19/2024 7:58:33 AM [ + ] Root Files Existing Test
12/19/2024 7:58:33 AM [ - ] Root Files Remaking Test
12/19/2024 7:58:33 AM [ > ] Application Called
12/19/2024 7:58:33 AM [ > ] Application Started
12/19/2024 7:58:33 AM [ > ] Application Service Running
12/19/2024 7:58:33 AM [ > ] Application Service Running
12/19/2024 7:58:33 AM [ > ] Application Closed
12/19/2024 7:59:09 AM [ + ] Root Files Existing Test
12/19/2024 7:59:09 AM [ - ] Root Files Remaking Test
12/19/2024 7:59:09 AM [ > ] Application Called
12/19/2024 7:59:09 AM [ > ] Application Started
12/19/2024 7:59:09 AM [ > ] Application Service Running
12/19/2024 7:59:09 AM [ > ] Application Service Running
12/19/2024 7:59:09 AM [ > ] Application Closed
12/19/2024 8:09:32 AM [ + ] Root Files Existing Test
12/19/2024 8:09:32 AM [ - ] Root Files Remaking Test
12/19/2024 8:09:32 AM [ > ] Application Called
12/19/2024 8:09:32 AM [ > ] Application Started
12/19/2024 8:09:32 AM [ > ] Application Service Running
12/19/2024 8:09:32 AM [ > ] Application Service Running
12/19/2024 8:09:32 AM [ > ] Application Closed
12/19/2024 8:12:22 AM [ + ] Root Files Existing Test
12/19/2024 8:12:22 AM [ - ] Root Files Remaking Test
12/19/2024 8:12:21 AM [ > ] Application Called
12/19/2024 8:12:21 AM [ > ] Application Started
12/19/2024 8:12:21 AM [ > ] Application Service Running
12/19/2024 8:12:21 AM [ > ] Application Service Running
12/19/2024 8:12:21 AM [ > ] Application Closed
12/19/2024 8:23:21 AM [ + ] Root Files Existing Test
12/19/2024 8:23:21 AM [ - ] Root Files Remaking Test
12/19/2024 8:23:21 AM [ > ] Application Called
12/19/2024 8:23:21 AM [ > ] Application Started
12/19/2024 8:23:21 AM [ > ] Application Service Running
12/19/2024 8:23:21 AM [ > ] Application Service Running
12/19/2024 8:23:21 AM [ > ] Application Closed
12/19/2024 8:24:22 AM [ + ] Root Files Existing Test
12/19/2024 8:24:22 AM [ - ] Root Files Remaking Test
12/19/2024 8:24:22 AM [ > ] Application Called
12/19/2024 8:24:22 AM [ > ] Application Started
12/19/2024 8:24:22 AM [ > ] Application Service Running
12/19/2024 8:24:22 AM [ > ] Application Service Running
12/19/2024 8:29:00 AM [ + ] Root Files Existing Test
12/19/2024 8:29:00 AM [ - ] Root Files Remaking Test
12/19/2024 8:29:00 AM [ > ] Application Called
12/19/2024 8:29:00 AM [ > ] Application Started
12/19/2024 8:29:00 AM [ > ] Application Service Running
12/19/2024 8:29:00 AM [ > ] Application Service Running
12/19/2024 8:29:00 AM [ > ] Application Closed
12/19/2024 8:29:50 AM [ + ] Root Files Existing Test
12/19/2024 8:29:50 AM [ - ] Root Files Remaking Test
12/19/2024 8:29:49 AM [ > ] Application Called
12/19/2024 8:29:49 AM [ > ] Application Started
12/19/2024 8:29:49 AM [ > ] Application Service Running
12/19/2024 8:29:49 AM [ > ] Application Service Running
12/19/2024 8:29:49 AM [ > ] Application Closed
12/19/2024 8:30:12 AM [ + ] Root Files Existing Test
12/19/2024 8:30:12 AM [ - ] Root Files Remaking Test
12/19/2024 8:30:12 AM [ > ] Application Called
12/19/2024 8:30:12 AM [ > ] Application Started
12/19/2024 8:30:12 AM [ > ] Application Service Running
12/19/2024 8:30:12 AM [ > ] Application Service Running
12/19/2024 8:30:12 AM [ > ] Application Closed
12/19/2024 8:30:40 AM [ + ] Root Files Existing Test
12/19/2024 8:30:40 AM [ - ] Root Files Remaking Test
12/19/2024 8:30:39 AM [ > ] Application Called
12/19/2024 8:30:40 AM [ > ] Application Started
12/19/2024 8:30:40 AM [ > ] Application Service Running
12/19/2024 8:30:40 AM [ > ] Application Service Running
12/19/2024 8:30:40 AM [ > ] Application Closed
12/19/2024 8:31:10 AM [ + ] Root Files Existing Test
12/19/2024 8:31:10 AM [ - ] Root Files Remaking Test
12/19/2024 8:31:10 AM [ > ] Application Called
12/19/2024 8:31:10 AM [ > ] Application Started
12/19/2024 8:31:10 AM [ > ] Application Service Running
12/19/2024 8:31:10 AM [ > ] Application Service Running
12/19/2024 8:31:10 AM [ > ] Application Closed
